<?xml version="1.0" encoding="UTF-8"?>
<testng-results skipped="0" failed="0" ignored="0" total="1" passed="1">
  <reporter-output>
  </reporter-output>
  <suite name="Default suite" duration-ms="29249" started-at="2020-05-26T14:19:27Z" finished-at="2020-05-26T14:19:56Z">
    <groups>
      <group name="cucumber">
        <method signature="AbstractTestNGCucumberTests.feature(cucumber.api.testng.CucumberFeatureWrapper)[pri:0, instance:com.drill.runners.CucumberTestRunner@5c5eefef]" name="feature" class="cucumber.api.testng.AbstractTestNGCucumberTests"/>
      </group> <!-- cucumber -->
    </groups>
    <test name="Default test" duration-ms="29249" started-at="2020-05-26T14:19:27Z" finished-at="2020-05-26T14:19:56Z">
      <class name="com.drill.runners.CucumberTestRunner">
        <test-method status="PASS" signature="setUpClass()[pri:0, instance:com.drill.runners.CucumberTestRunner@5c5eefef]" name="setUpClass" is-config="true" duration-ms="679" started-at="2020-05-26T14:19:27Z" finished-at="2020-05-26T14:19:28Z">
          <reporter-output>
          </reporter-output>
        </test-method> <!-- setUpClass -->
        <test-method status="PASS" signature="setup()[pri:0, instance:com.drill.runners.CucumberTestRunner@5c5eefef]" name="setup" is-config="true" duration-ms="345" started-at="2020-05-26T14:19:28Z" finished-at="2020-05-26T14:19:28Z">
          <reporter-output>
          </reporter-output>
        </test-method> <!-- setup -->
        <test-method status="PASS" signature="feature(cucumber.api.testng.CucumberFeatureWrapper)[pri:0, instance:com.drill.runners.CucumberTestRunner@5c5eefef]" name="feature" duration-ms="27886" started-at="2020-05-26T14:19:28Z" description="Runs Cucumber Feature" data-provider="features" finished-at="2020-05-26T14:19:56Z">
          <params>
            <param index="0">
              <value>
                <![CDATA[Test User Registeration Feature.]]>
              </value>
            </param>
          </params>
          <reporter-output>
          </reporter-output>
        </test-method> <!-- feature -->
        <test-method status="PASS" signature="tearDownClass()[pri:0, instance:com.drill.runners.CucumberTestRunner@5c5eefef]" name="tearDownClass" is-config="true" duration-ms="150" started-at="2020-05-26T14:19:56Z" finished-at="2020-05-26T14:19:56Z">
          <reporter-output>
          </reporter-output>
        </test-method> <!-- tearDownClass -->
      </class> <!-- com.drill.runners.CucumberTestRunner -->
    </test> <!-- Default test -->
  </suite> <!-- Default suite -->
</testng-results>
